0 info it worked if it ends with ok
1 verbose cli [ 'I:\\iojs\\node.exe',
1 verbose cli   'I:\\iojs\\node_modules\\npm\\bin\\npm-cli.js',
1 verbose cli   'publish',
1 verbose cli   '--registry=npm.yeeuu.com' ]
2 warn invalid config registry="npm.yeeuu.com"
3 warn invalid config Must be a full url with 'http://'
4 info using npm@2.13.3
5 info using node@v3.3.0
6 verbose publish [ '.' ]
7 silly cache add args [ '.', null ]
8 verbose cache add spec .
9 silly cache add parsed spec Result {
9 silly cache add   raw: '.',
9 silly cache add   scope: null,
9 silly cache add   name: null,
9 silly cache add   rawSpec: '.',
9 silly cache add   spec: 'I:\\cl\\tdd-cl',
9 silly cache add   type: 'directory' }
10 verbose addLocalDirectory C:\Users\mwq\AppData\Roaming\npm-cache\tdd-cl\1.0.0\package.tgz not in flight; packing
11 verbose tar pack [ 'C:\\Users\\mwq\\AppData\\Roaming\\npm-cache\\tdd-cl\\1.0.0\\package.tgz',
11 verbose tar pack   'I:\\cl\\tdd-cl' ]
12 verbose tarball C:\Users\mwq\AppData\Roaming\npm-cache\tdd-cl\1.0.0\package.tgz
13 verbose folder I:\cl\tdd-cl
14 info prepublish tdd-cl@1.0.0
15 verbose addLocalTarball adding from inside cache C:\Users\mwq\AppData\Roaming\npm-cache\tdd-cl\1.0.0\package.tgz
16 silly cache afterAdd tdd-cl@1.0.0
17 verbose afterAdd C:\Users\mwq\AppData\Roaming\npm-cache\tdd-cl\1.0.0\package\package.json not in flight; writing
18 verbose afterAdd C:\Users\mwq\AppData\Roaming\npm-cache\tdd-cl\1.0.0\package\package.json written
19 silly publish { name: 'tdd-cl',
19 silly publish   version: '1.0.0',
19 silly publish   description: '0.0.1',
19 silly publish   scripts: { test: 'echo "Error: no test specified" && exit 1' },
19 silly publish   keywords: [ 'tdd' ],
19 silly publish   author: { name: 'Mickey' },
19 silly publish   license: 'ISC',
19 silly publish   preferGlobal: true,
19 silly publish   bin: { 'tdd-start': 'index.js' },
19 silly publish   dependencies: { 'readline-sync': '^1.2.21', watch: '^0.16.0' },
19 silly publish   readme: 'ERROR: No README data found!',
19 silly publish   _id: 'tdd-cl@1.0.0',
19 silly publish   _shasum: 'f09e54a808692d71dd9c470593890ca3e82a617b',
19 silly publish   _from: '.' }
20 verbose getPublishConfig undefined
21 silly mapToRegistry name tdd-cl
22 silly mapToRegistry using default registry
23 silly mapToRegistry registry https://registry.npm.taobao.org/
24 silly mapToRegistry uri https://registry.npm.taobao.org/tdd-cl
25 verbose publish registryBase https://registry.npm.taobao.org/
26 silly publish uploading C:\Users\mwq\AppData\Roaming\npm-cache\tdd-cl\1.0.0\package.tgz
27 verbose stack Error: auth required for publishing
27 verbose stack     at CachingRegistryClient.publish (I:\iojs\node_modules\npm\node_modules\npm-registry-client\lib\publish.js:30:14)
27 verbose stack     at I:\iojs\node_modules\npm\lib\publish.js:134:14
27 verbose stack     at mapToRegistry (I:\iojs\node_modules\npm\lib\utils\map-to-registry.js:55:3)
27 verbose stack     at publish_ (I:\iojs\node_modules\npm\lib\publish.js:104:3)
27 verbose stack     at Array.<anonymous> (I:\iojs\node_modules\npm\node_modules\slide\lib\bind-actor.js:15:8)
27 verbose stack     at LOOP (I:\iojs\node_modules\npm\node_modules\slide\lib\chain.js:15:14)
27 verbose stack     at LOOP (I:\iojs\node_modules\npm\node_modules\slide\lib\chain.js:14:28)
27 verbose stack     at chain (I:\iojs\node_modules\npm\node_modules\slide\lib\chain.js:20:5)
27 verbose stack     at I:\iojs\node_modules\npm\lib\publish.js:73:5
27 verbose stack     at RES (I:\iojs\node_modules\npm\node_modules\inflight\inflight.js:23:14)
28 verbose cwd I:\cl\tdd-cl
29 error Windows_NT 6.2.9200
30 error argv "I:\\iojs\\node.exe" "I:\\iojs\\node_modules\\npm\\bin\\npm-cli.js" "publish" "--registry=npm.yeeuu.com"
31 error node v3.3.0
32 error npm  v2.13.3
33 error code ENEEDAUTH
34 error need auth auth required for publishing
34 error need auth You need to authorize this machine using `npm adduser`
35 verbose exit [ 1, true ]
